2021-11-05 21:34:19,407 - jse_scraper - ERROR - Cound not load the Junior Market Index page of the JSE
2021-11-05 21:35:24,932 - jse_scraper - ERROR - Cound not load the Junior Market Index page of the JSE
2021-11-05 21:36:09,407 - jse_scraper - ERROR - Cound not load the Junior Market Index page of the JSE
2021-11-05 21:37:02,818 - jse_scraper - ERROR - Cound not load the Junior Market Index page of the JSE
2021-11-05 21:42:52,503 - jse_scraper - ERROR - Cound not load the Junior Market Index page of the JSE
2021-11-05 22:01:05,114 - jse_scraper - ERROR - Cound not load the Junior Market Index page of the JSE
2021-11-05 22:01:56,608 - jse_scraper - ERROR - Cound not load the Junior Market Index page of the JSE
2021-11-05 22:02:28,113 - jse_scraper - ERROR - Cound not load the Junior Market Index page of the JSE
2021-11-05 22:07:02,427 - jse_scraper - ERROR - Cound not load the Junior Market Index page of the JSE
2021-11-05 22:10:02,211 - jse_scraper - ERROR - Cound not load the Junior Market Index page of the JSE
2021-11-05 22:11:52,878 - jse_scraper - ERROR - Cound not load the Junior Market Index page of the JSE
2021-11-05 22:45:28,601 - jse_scraper - ERROR - Cound not load the Junior Market Index page of the JSE
2021-11-05 23:30:47,561 - jse_scraper - ERROR - Cound not load the Junior Market Index page of the JSE
2021-11-05 23:33:53,194 - __main__ - ERROR - Table138SL_daily_history does not exist in database
2021-11-05 23:33:53,198 - __main__ - ERROR - Table1834_daily_history does not exist in database
2021-11-05 23:33:53,202 - __main__ - ERROR - TableBIL_daily_history does not exist in database
2021-11-05 23:33:53,205 - __main__ - ERROR - TableBRG_daily_history does not exist in database
2021-11-05 23:33:53,207 - __main__ - ERROR - TableCCC_daily_history does not exist in database
2021-11-05 23:33:53,210 - __main__ - ERROR - TableCPJ_daily_history does not exist in database
2021-11-05 23:33:53,213 - __main__ - ERROR - TableCAR_daily_history does not exist in database
2021-11-05 23:33:53,217 - __main__ - ERROR - TableCBNY_daily_history does not exist in database
2021-11-05 23:33:53,221 - __main__ - ERROR - TableCPFV_daily_history does not exist in database
2021-11-05 23:33:53,224 - __main__ - ERROR - TableEPLY_daily_history does not exist in database
2021-11-05 23:33:53,227 - __main__ - ERROR - TableFIRSTROCKJMD_daily_history does not exist in database
2021-11-05 23:33:53,230 - __main__ - ERROR - TableGK_daily_history does not exist in database
2021-11-05 23:33:53,234 - __main__ - ERROR - TableGHL_daily_history does not exist in database
2021-11-05 23:33:53,237 - __main__ - ERROR - TableJBG_daily_history does not exist in database
2021-11-05 23:33:53,241 - __main__ - ERROR - TableJP_daily_history does not exist in database
2021-11-05 23:33:53,245 - __main__ - ERROR - TableJSE_daily_history does not exist in database
2021-11-05 23:33:53,248 - __main__ - ERROR - TableJMMBGL_daily_history does not exist in database
2021-11-05 23:33:53,251 - __main__ - ERROR - TableKEY_daily_history does not exist in database
2021-11-05 23:33:53,254 - __main__ - ERROR - TableKPREIT_daily_history does not exist in database
2021-11-05 23:33:53,257 - __main__ - ERROR - TableKW_daily_history does not exist in database
2021-11-05 23:33:53,260 - __main__ - ERROR - TableMTL_daily_history does not exist in database
2021-11-05 23:33:53,264 - __main__ - ERROR - TableMIL_daily_history does not exist in database
2021-11-05 23:33:53,267 - __main__ - ERROR - TableMJE_daily_history does not exist in database
2021-11-05 23:33:53,270 - __main__ - ERROR - TableMPCCEL_daily_history does not exist in database
2021-11-05 23:33:53,273 - __main__ - ERROR - TableNCBFG_daily_history does not exist in database
2021-11-05 23:33:53,276 - __main__ - ERROR - TablePAL_daily_history does not exist in database
2021-11-05 23:33:53,280 - __main__ - ERROR - TablePJAM_daily_history does not exist in database
2021-11-05 23:33:53,283 - __main__ - ERROR - TablePJX_daily_history does not exist in database
2021-11-05 23:33:53,287 - __main__ - ERROR - TablePROVEN_daily_history does not exist in database
2021-11-05 23:33:53,290 - __main__ - ERROR - TablePULS_daily_history does not exist in database
2021-11-05 23:33:53,293 - __main__ - ERROR - TableQWI_daily_history does not exist in database
2021-11-05 23:33:53,296 - __main__ - ERROR - TableRJR_daily_history does not exist in database
2021-11-05 23:33:53,299 - __main__ - ERROR - TableSJ_daily_history does not exist in database
2021-11-05 23:33:53,303 - __main__ - ERROR - TableXFUND_daily_history does not exist in database
2021-11-05 23:33:53,306 - __main__ - ERROR - TableSELECTF_daily_history does not exist in database
2021-11-05 23:33:53,309 - __main__ - ERROR - TableSELECTMD_daily_history does not exist in database
2021-11-05 23:33:53,312 - __main__ - ERROR - TableSALF_daily_history does not exist in database
2021-11-05 23:33:53,314 - __main__ - ERROR - TableSGJ_daily_history does not exist in database
2021-11-05 23:33:53,317 - __main__ - ERROR - TableSEP_daily_history does not exist in database
2021-11-05 23:33:53,321 - __main__ - ERROR - TableSML_daily_history does not exist in database
2021-11-05 23:33:53,324 - __main__ - ERROR - TableSIL_daily_history does not exist in database
2021-11-05 23:33:53,327 - __main__ - ERROR - TableSVL_daily_history does not exist in database
2021-11-05 23:33:53,330 - __main__ - ERROR - TableSCIJMD_daily_history does not exist in database
2021-11-05 23:33:53,333 - __main__ - ERROR - TableSCIUSD_daily_history does not exist in database
2021-11-05 23:33:53,338 - __main__ - ERROR - TableSRFJMD_daily_history does not exist in database
2021-11-05 23:33:53,340 - __main__ - ERROR - TableTJH_daily_history does not exist in database
2021-11-05 23:33:53,342 - __main__ - ERROR - TableVMIL_daily_history does not exist in database
2021-11-05 23:33:53,345 - __main__ - ERROR - TableWIG_daily_history does not exist in database
2021-11-05 23:33:53,347 - __main__ - ERROR - TableWISYNCO_daily_history does not exist in database
2021-11-05 23:34:43,113 - __main__ - ERROR - Table138SL_daily_history does not exist in database
2021-11-05 23:34:43,117 - __main__ - ERROR - Table1834_daily_history does not exist in database
2021-11-05 23:34:43,120 - __main__ - ERROR - TableBIL_daily_history does not exist in database
2021-11-05 23:34:43,124 - __main__ - ERROR - TableBRG_daily_history does not exist in database
2021-11-05 23:34:43,128 - __main__ - ERROR - TableCCC_daily_history does not exist in database
2021-11-05 23:34:43,131 - __main__ - ERROR - TableCPJ_daily_history does not exist in database
2021-11-05 23:34:43,134 - __main__ - ERROR - TableCAR_daily_history does not exist in database
2021-11-05 23:34:43,137 - __main__ - ERROR - TableCBNY_daily_history does not exist in database
2021-11-05 23:34:43,140 - __main__ - ERROR - TableCPFV_daily_history does not exist in database
2021-11-05 23:34:43,144 - __main__ - ERROR - TableEPLY_daily_history does not exist in database
2021-11-05 23:34:43,148 - __main__ - ERROR - TableFIRSTROCKJMD_daily_history does not exist in database
2021-11-05 23:34:43,151 - __main__ - ERROR - TableGK_daily_history does not exist in database
2021-11-05 23:34:43,155 - __main__ - ERROR - TableGHL_daily_history does not exist in database
2021-11-05 23:34:43,158 - __main__ - ERROR - TableJBG_daily_history does not exist in database
2021-11-05 23:34:43,162 - __main__ - ERROR - TableJP_daily_history does not exist in database
2021-11-05 23:34:43,165 - __main__ - ERROR - TableJSE_daily_history does not exist in database
2021-11-05 23:34:43,168 - __main__ - ERROR - TableJMMBGL_daily_history does not exist in database
2021-11-05 23:34:43,171 - __main__ - ERROR - TableKEY_daily_history does not exist in database
2021-11-05 23:34:43,174 - __main__ - ERROR - TableKPREIT_daily_history does not exist in database
2021-11-05 23:34:43,177 - __main__ - ERROR - TableKW_daily_history does not exist in database
2021-11-05 23:34:43,180 - __main__ - ERROR - TableMTL_daily_history does not exist in database
2021-11-05 23:34:43,183 - __main__ - ERROR - TableMIL_daily_history does not exist in database
2021-11-05 23:34:43,187 - __main__ - ERROR - TableMJE_daily_history does not exist in database
2021-11-05 23:34:43,189 - __main__ - ERROR - TableMPCCEL_daily_history does not exist in database
2021-11-05 23:34:43,191 - __main__ - ERROR - TableNCBFG_daily_history does not exist in database
2021-11-05 23:34:43,195 - __main__ - ERROR - TablePAL_daily_history does not exist in database
2021-11-05 23:34:43,198 - __main__ - ERROR - TablePJAM_daily_history does not exist in database
2021-11-05 23:34:43,201 - __main__ - ERROR - TablePJX_daily_history does not exist in database
2021-11-05 23:34:43,204 - __main__ - ERROR - TablePROVEN_daily_history does not exist in database
2021-11-05 23:34:43,206 - __main__ - ERROR - TablePULS_daily_history does not exist in database
2021-11-05 23:34:43,208 - __main__ - ERROR - TableQWI_daily_history does not exist in database
2021-11-05 23:34:43,212 - __main__ - ERROR - TableRJR_daily_history does not exist in database
2021-11-05 23:34:43,215 - __main__ - ERROR - TableSJ_daily_history does not exist in database
2021-11-05 23:34:43,218 - __main__ - ERROR - TableXFUND_daily_history does not exist in database
2021-11-05 23:34:43,221 - __main__ - ERROR - TableSELECTF_daily_history does not exist in database
2021-11-05 23:34:43,224 - __main__ - ERROR - TableSELECTMD_daily_history does not exist in database
2021-11-05 23:34:43,227 - __main__ - ERROR - TableSALF_daily_history does not exist in database
2021-11-05 23:34:43,231 - __main__ - ERROR - TableSGJ_daily_history does not exist in database
2021-11-05 23:34:43,234 - __main__ - ERROR - TableSEP_daily_history does not exist in database
2021-11-05 23:34:43,237 - __main__ - ERROR - TableSML_daily_history does not exist in database
2021-11-05 23:34:43,240 - __main__ - ERROR - TableSIL_daily_history does not exist in database
2021-11-05 23:34:43,243 - __main__ - ERROR - TableSVL_daily_history does not exist in database
2021-11-05 23:34:43,247 - __main__ - ERROR - TableSCIJMD_daily_history does not exist in database
2021-11-05 23:34:43,250 - __main__ - ERROR - TableSCIUSD_daily_history does not exist in database
2021-11-05 23:34:43,253 - __main__ - ERROR - TableSRFJMD_daily_history does not exist in database
2021-11-05 23:34:43,256 - __main__ - ERROR - TableTJH_daily_history does not exist in database
2021-11-05 23:34:43,259 - __main__ - ERROR - TableVMIL_daily_history does not exist in database
2021-11-05 23:34:43,263 - __main__ - ERROR - TableWIG_daily_history does not exist in database
2021-11-05 23:34:43,265 - __main__ - ERROR - TableWISYNCO_daily_history does not exist in database
2021-11-05 23:36:26,370 - __main__ - ERROR - Table138SL_daily_history does not exist in database
2021-11-05 23:36:27,712 - __main__ - ERROR - Table1834_daily_history does not exist in database
2021-11-05 23:36:28,901 - __main__ - ERROR - TableBIL_daily_history does not exist in database
2021-11-05 23:36:29,568 - __main__ - ERROR - TableBRG_daily_history does not exist in database
2021-11-05 23:36:34,425 - __main__ - ERROR - TableCCC_daily_history does not exist in database
2021-11-05 23:36:34,429 - __main__ - ERROR - TableCPJ_daily_history does not exist in database
2021-11-05 23:36:34,434 - __main__ - ERROR - TableCAR_daily_history does not exist in database
2021-11-05 23:36:34,438 - __main__ - ERROR - TableCBNY_daily_history does not exist in database
2021-11-05 23:36:34,442 - __main__ - ERROR - TableCPFV_daily_history does not exist in database
2021-11-05 23:36:34,445 - __main__ - ERROR - TableEPLY_daily_history does not exist in database
2021-11-05 23:36:34,448 - __main__ - ERROR - TableFIRSTROCKJMD_daily_history does not exist in database
2021-11-05 23:36:34,451 - __main__ - ERROR - TableGK_daily_history does not exist in database
2021-11-05 23:36:34,461 - __main__ - ERROR - TableGHL_daily_history does not exist in database
2021-11-05 23:36:34,466 - __main__ - ERROR - TableJBG_daily_history does not exist in database
2021-11-05 23:36:34,470 - __main__ - ERROR - TableJP_daily_history does not exist in database
2021-11-05 23:36:34,472 - __main__ - ERROR - TableJSE_daily_history does not exist in database
2021-11-05 23:36:34,476 - __main__ - ERROR - TableJMMBGL_daily_history does not exist in database
2021-11-05 23:36:34,479 - __main__ - ERROR - TableKEY_daily_history does not exist in database
2021-11-05 23:36:34,484 - __main__ - ERROR - TableKPREIT_daily_history does not exist in database
2021-11-05 23:36:34,487 - __main__ - ERROR - TableKW_daily_history does not exist in database
2021-11-05 23:36:34,490 - __main__ - ERROR - TableMTL_daily_history does not exist in database
2021-11-05 23:36:34,493 - __main__ - ERROR - TableMIL_daily_history does not exist in database
2021-11-05 23:36:34,496 - __main__ - ERROR - TableMJE_daily_history does not exist in database
2021-11-05 23:36:34,501 - __main__ - ERROR - TableMPCCEL_daily_history does not exist in database
2021-11-05 23:36:34,504 - __main__ - ERROR - TableNCBFG_daily_history does not exist in database
2021-11-05 23:36:34,507 - __main__ - ERROR - TablePAL_daily_history does not exist in database
2021-11-05 23:36:34,510 - __main__ - ERROR - TablePJAM_daily_history does not exist in database
2021-11-05 23:36:34,513 - __main__ - ERROR - TablePJX_daily_history does not exist in database
2021-11-05 23:36:34,518 - __main__ - ERROR - TablePROVEN_daily_history does not exist in database
2021-11-05 23:36:34,521 - __main__ - ERROR - TablePULS_daily_history does not exist in database
2021-11-05 23:36:34,523 - __main__ - ERROR - TableQWI_daily_history does not exist in database
2021-11-05 23:36:34,526 - __main__ - ERROR - TableRJR_daily_history does not exist in database
2021-11-05 23:36:34,529 - __main__ - ERROR - TableSJ_daily_history does not exist in database
2021-11-05 23:36:34,533 - __main__ - ERROR - TableXFUND_daily_history does not exist in database
2021-11-05 23:36:34,535 - __main__ - ERROR - TableSELECTF_daily_history does not exist in database
2021-11-05 23:36:34,538 - __main__ - ERROR - TableSELECTMD_daily_history does not exist in database
2021-11-05 23:36:34,542 - __main__ - ERROR - TableSALF_daily_history does not exist in database
2021-11-05 23:36:34,543 - __main__ - ERROR - TableSGJ_daily_history does not exist in database
2021-11-05 23:36:34,546 - __main__ - ERROR - TableSEP_daily_history does not exist in database
2021-11-05 23:36:34,550 - __main__ - ERROR - TableSML_daily_history does not exist in database
2021-11-05 23:36:34,553 - __main__ - ERROR - TableSIL_daily_history does not exist in database
2021-11-05 23:36:34,556 - __main__ - ERROR - TableSVL_daily_history does not exist in database
2021-11-05 23:36:34,559 - __main__ - ERROR - TableSCIJMD_daily_history does not exist in database
2021-11-05 23:36:34,562 - __main__ - ERROR - TableSCIUSD_daily_history does not exist in database
2021-11-05 23:36:34,565 - __main__ - ERROR - TableSRFJMD_daily_history does not exist in database
2021-11-05 23:36:34,568 - __main__ - ERROR - TableTJH_daily_history does not exist in database
2021-11-05 23:36:34,571 - __main__ - ERROR - TableVMIL_daily_history does not exist in database
2021-11-05 23:36:34,574 - __main__ - ERROR - TableWIG_daily_history does not exist in database
2021-11-05 23:36:34,577 - __main__ - ERROR - TableWISYNCO_daily_history does not exist in database
2021-11-05 23:39:06,228 - __main__ - ERROR - Table138SL_daily_history does not exist in database
